[1205/101104.578:ERROR:component_installer.cc(298)] Failed to verify installation for Widevine Content Decryption Module (C:\Users\23664\AppData\Local\CEF\User Data\WidevineCdm\4.10.2710.0).: The system cannot find the path specified. (0x3)
[1205/101105.457:INFO:CONSOLE(21172)] "THREE.WebGLRenderer 92", source: file:///C:/Program%20Files/AnyLogic%208.9%20Personal%20Learning%20Edition/plugins/com.anylogic.graphics3d_8.9.0.202404161236/static/build/three.js (21172)
[1205/101106.256:INFO:CONSOLE(3660)] "THREE.ColladaLoader: File version 1.4.0", source: file:///C:/Program%20Files/AnyLogic%208.9%20Personal%20Learning%20Edition/plugins/com.anylogic.graphics3d_8.9.0.202404161236/static/libs/ColladaLoader.js (3660)
[1205/101106.273:INFO:CONSOLE(255)] "Loaded: file:C:/Users/23664/Documents/XiaoMiNet/Upupoo/Docker/config/文件夹/学习资料/作业/decision simulation/期末/takeout/3d/scooter.dae", source: file:///C:/Program%20Files/AnyLogic%208.9%20Personal%20Learning%20Edition/plugins/com.anylogic.graphics3d_8.9.0.202404161236/static/init.js (255)
[1205/101106.273:INFO:CONSOLE(271)] "load end: file:C:/Users/23664/Documents/XiaoMiNet/Upupoo/Docker/config/文件夹/学习资料/作业/decision simulation/期末/takeout/3d/scooter.dae", source: file:///C:/Program%20Files/AnyLogic%208.9%20Personal%20Learning%20Edition/plugins/com.anylogic.graphics3d_8.9.0.202404161236/static/init.js (271)
[1205/101106.340:INFO:CONSOLE(3660)] "THREE.ColladaLoader: File version 1.4.0", source: file:///C:/Program%20Files/AnyLogic%208.9%20Personal%20Learning%20Edition/plugins/com.anylogic.graphics3d_8.9.0.202404161236/static/libs/ColladaLoader.js (3660)
[1205/101106.350:INFO:CONSOLE(255)] "Loaded: file:C:/Users/23664/Documents/XiaoMiNet/Upupoo/Docker/config/文件夹/学习资料/作业/decision simulation/期末/takeout/3d/rider_position_3.dae", source: file:///C:/Program%20Files/AnyLogic%208.9%20Personal%20Learning%20Edition/plugins/com.anylogic.graphics3d_8.9.0.202404161236/static/init.js (255)
[1205/101106.350:INFO:CONSOLE(271)] "load end: file:C:/Users/23664/Documents/XiaoMiNet/Upupoo/Docker/config/文件夹/学习资料/作业/decision simulation/期末/takeout/3d/rider_position_3.dae", source: file:///C:/Program%20Files/AnyLogic%208.9%20Personal%20Learning%20Edition/plugins/com.anylogic.graphics3d_8.9.0.202404161236/static/init.js (271)
[1205/101106.370:INFO:CONSOLE(3660)] "THREE.ColladaLoader: File version 1.4.0", source: file:///C:/Program%20Files/AnyLogic%208.9%20Personal%20Learning%20Edition/plugins/com.anylogic.graphics3d_8.9.0.202404161236/static/libs/ColladaLoader.js (3660)
[1205/101106.378:INFO:CONSOLE(255)] "Loaded: file:C:/Users/23664/Documents/XiaoMiNet/Upupoo/Docker/config/文件夹/学习资料/作业/decision simulation/期末/takeout/3d/rider.dae", source: file:///C:/Program%20Files/AnyLogic%208.9%20Personal%20Learning%20Edition/plugins/com.anylogic.graphics3d_8.9.0.202404161236/static/init.js (255)
[1205/101106.378:INFO:CONSOLE(271)] "load end: file:C:/Users/23664/Documents/XiaoMiNet/Upupoo/Docker/config/文件夹/学习资料/作业/decision simulation/期末/takeout/3d/rider.dae", source: file:///C:/Program%20Files/AnyLogic%208.9%20Personal%20Learning%20Edition/plugins/com.anylogic.graphics3d_8.9.0.202404161236/static/init.js (271)
[1205/101106.392:INFO:CONSOLE(3660)] "THREE.ColladaLoader: File version 1.4.0", source: file:///C:/Program%20Files/AnyLogic%208.9%20Personal%20Learning%20Edition/plugins/com.anylogic.graphics3d_8.9.0.202404161236/static/libs/ColladaLoader.js (3660)
[1205/101106.393:INFO:CONSOLE(255)] "Loaded: file:C:/Users/23664/Documents/XiaoMiNet/Upupoo/Docker/config/文件夹/学习资料/作业/decision simulation/期末/takeout/3d/warehouse.dae", source: file:///C:/Program%20Files/AnyLogic%208.9%20Personal%20Learning%20Edition/plugins/com.anylogic.graphics3d_8.9.0.202404161236/static/init.js (255)
[1205/101106.393:INFO:CONSOLE(271)] "load end: file:C:/Users/23664/Documents/XiaoMiNet/Upupoo/Docker/config/文件夹/学习资料/作业/decision simulation/期末/takeout/3d/warehouse.dae", source: file:///C:/Program%20Files/AnyLogic%208.9%20Personal%20Learning%20Edition/plugins/com.anylogic.graphics3d_8.9.0.202404161236/static/init.js (271)
[1205/101106.449:INFO:CONSOLE(3660)] "THREE.ColladaLoader: File version 1.4.0", source: file:///C:/Program%20Files/AnyLogic%208.9%20Personal%20Learning%20Edition/plugins/com.anylogic.graphics3d_8.9.0.202404161236/static/libs/ColladaLoader.js (3660)
[1205/101106.450:INFO:CONSOLE(255)] "Loaded: file:C:/Users/23664/Documents/XiaoMiNet/Upupoo/Docker/config/文件夹/学习资料/作业/decision simulation/期末/takeout/3d/house_2.dae", source: file:///C:/Program%20Files/AnyLogic%208.9%20Personal%20Learning%20Edition/plugins/com.anylogic.graphics3d_8.9.0.202404161236/static/init.js (255)
[1205/101106.450:INFO:CONSOLE(271)] "load end: file:C:/Users/23664/Documents/XiaoMiNet/Upupoo/Docker/config/文件夹/学习资料/作业/decision simulation/期末/takeout/3d/house_2.dae", source: file:///C:/Program%20Files/AnyLogic%208.9%20Personal%20Learning%20Edition/plugins/com.anylogic.graphics3d_8.9.0.202404161236/static/init.js (271)
[1205/101106.508:INFO:CONSOLE(3660)] "THREE.ColladaLoader: File version 1.4.0", source: file:///C:/Program%20Files/AnyLogic%208.9%20Personal%20Learning%20Edition/plugins/com.anylogic.graphics3d_8.9.0.202404161236/static/libs/ColladaLoader.js (3660)
[1205/101106.509:INFO:CONSOLE(255)] "Loaded: file:C:/Users/23664/Documents/XiaoMiNet/Upupoo/Docker/config/文件夹/学习资料/作业/decision simulation/期末/takeout/3d/store.dae", source: file:///C:/Program%20Files/AnyLogic%208.9%20Personal%20Learning%20Edition/plugins/com.anylogic.graphics3d_8.9.0.202404161236/static/init.js (255)
[1205/101106.509:INFO:CONSOLE(271)] "load end: file:C:/Users/23664/Documents/XiaoMiNet/Upupoo/Docker/config/文件夹/学习资料/作业/decision simulation/期末/takeout/3d/store.dae", source: file:///C:/Program%20Files/AnyLogic%208.9%20Personal%20Learning%20Edition/plugins/com.anylogic.graphics3d_8.9.0.202404161236/static/init.js (271)
[1205/101304.794:ERROR:gpu_init.cc(523)] Passthrough is not supported, GL is disabled, ANGLE is 
